13:41:14.852 [main] INFO  com.revature.Calculator - added numbers 6 and 10
13:41:14.855 [main] INFO  com.revature.Calculator - subtracted numbers 6 and 10
13:41:14.855 [main] INFO  com.revature.Calculator - divided numbers 6 and 2
13:41:14.856 [main] WARN  com.revature.Calculator - attempted to divide by zero!
13:42:31.083 [main] INFO  com.revature.Calculator - added numbers 6 and 10
13:42:31.087 [main] INFO  com.revature.Calculator - subtracted numbers 6 and 10
13:42:31.087 [main] INFO  com.revature.Calculator - divided numbers 6 and 2
13:42:31.087 [main] WARN  com.revature.Calculator - attempted to divide by zero!
11:48:59.343 [main] INFO  com.revature.Calculator - added numbers 5 and 5
11:50:00.198 [main] INFO  com.revature.Calculator - added numbers 5 and 5
11:50:00.201 [main] INFO  com.revature.Calculator - added numbers 9 and 10
11:50:16.058 [main] INFO  com.revature.Calculator - added numbers 5 and 5
11:50:16.061 [main] INFO  com.revature.Calculator - added numbers 9 and 10
11:50:42.467 [main] INFO  com.revature.Calculator - added numbers 9 and 10
11:50:42.471 [main] INFO  com.revature.Calculator - added numbers 5 and 5
11:52:15.328 [main] INFO  com.revature.Calculator - added numbers 9 and 10
11:52:15.333 [main] INFO  com.revature.Calculator - added numbers 5 and 5
11:52:15.333 [main] INFO  com.revature.Calculator - subtracted numbers 5 and 5
11:54:05.732 [main] WARN  com.revature.Calculator - attempted to divide by zero!
11:54:05.739 [main] INFO  com.revature.Calculator - added numbers 9 and 10
11:54:05.740 [main] INFO  com.revature.Calculator - added numbers 5 and 5
11:54:05.740 [main] INFO  com.revature.Calculator - subtracted numbers 5 and 5
11:56:20.698 [main] WARN  com.revature.Calculator - about to divide by zero!
11:56:20.701 [main] INFO  com.revature.Calculator - added numbers 9 and 10
11:56:20.702 [main] INFO  com.revature.Calculator - added numbers 5 and 5
11:56:20.702 [main] INFO  com.revature.Calculator - subtracted numbers 5 and 5
