2026-05-15 15:00:46,508 - INFO - The frying process has started.
2026-05-15 15:00:46,508 - WARNING - Attempted to register username 'JavaScriptLover' - contains 'javascript'.
2026-05-15 15:00:46,508 - ERROR - Attempted to set temperature to 50 - too low.
2026-05-15 15:04:05,713 - INFO - The frying process has started.
2026-05-15 15:04:05,713 - WARNING - Attempted to register username 'JavaScriptLover' - contains 'javascript'.
2026-05-15 15:04:05,713 - ERROR - Attempted to set temperature to 50 - too low.
2026-05-15 15:04:26,907 - INFO - Adding 5 and 7.
2026-05-15 15:04:26,907 - INFO - The frying process has started.
2026-05-15 15:04:26,907 - WARNING - Attempted to register username 'JavaScriptLover' - contains 'javascript'.
2026-05-15 15:04:26,907 - ERROR - Attempted to set temperature to 50 - too low.
INFO:root:Adding 5 and 7.
INFO:root:The frying process has started.
WARNING:root:Attempted to register username 'JavaScriptLover' - contains 'javascript'.
ERROR:root:Attempted to set temperature to 50 - too low.
2026-05-18 15:44:28,985 - INFO - The frying process has started.
2026-05-18 15:44:28,991 - WARNING - Attempted to register username 'JavaScriptLover' - contains 'javascript'.
2026-05-18 15:44:28,993 - ERROR - Attempted to set temperature to 50 - too low.
2026-05-18 15:44:59,338 - INFO - The frying process has started.
2026-05-18 15:44:59,338 - WARNING - Attempted to register username 'JavaScriptLover' - contains 'javascript'.
2026-05-18 15:44:59,338 - ERROR - Attempted to set temperature to 50 - too low.
2026-05-18 15:45:08,992 - INFO - The frying process has started.
2026-05-18 15:45:08,992 - WARNING - Attempted to register username 'JavaScriptLover' - contains 'javascript'.
2026-05-18 15:45:08,992 - ERROR - Attempted to set temperature to 50 - too low.
2026-05-18 15:58:47,975 - INFO - The frying process has started.
2026-05-18 15:58:47,975 - WARNING - Attempted to register username 'JavaScriptLover' - contains 'javascript'.
2026-05-18 15:58:47,975 - ERROR - Attempted to set temperature to 50 - too low.
2026-05-18 16:00:19,417 - INFO - The frying process has started.
2026-05-18 16:00:19,417 - WARNING - Attempted to register username 'JavaScriptLover' - contains 'javascript'.
2026-05-18 16:00:19,426 - ERROR - Attempted to set temperature to 50 - too low.
